<?xml version="1.0" encoding="UTF-8"?>
<testng-results ignored="0" total="15" passed="15" failed="0" skipped="0">
  <reporter-output>
    <line>
      <![CDATA[STC3]]>
    </line>
    <line>
      <![CDATA[STC4]]>
    </line>
    <line>
      <![CDATA[FTC1]]>
    </line>
    <line>
      <![CDATA[FTC2]]>
    </line>
    <line>
      <![CDATA[FTC3]]>
    </line>
    <line>
      <![CDATA[FTC4]]>
    </line>
    <line>
      <![CDATA[FTC5]]>
    </line>
    <line>
      <![CDATA[ITC1]]>
    </line>
    <line>
      <![CDATA[ITC2]]>
    </line>
    <line>
      <![CDATA[IMTC3]]>
    </line>
    <line>
      <![CDATA[ITC4]]>
    </line>
    <line>
      <![CDATA[ITC5]]>
    </line>
    <line>
      <![CDATA[SMTC2]]>
    </line>
    <line>
      <![CDATA[STC1]]>
    </line>
    <line>
      <![CDATA[STC3]]>
    </line>
  </reporter-output>
  <suite started-at="2023-05-27T10:04:27 IST" name="Default suite" finished-at="2023-05-27T10:04:27 IST" duration-ms="461">
    <groups>
      <group name="Smoke Testing">
        <method signature="Flage7.s2()[pri:0, instance:testNGFlags.Flage7@e7edb54]" name="s2" class="testNGFlags.Flage7"/>
      </group> <!-- Smoke Testing -->
      <group name="Integation Testing">
        <method signature="Flage7.it1()[pri:0, instance:testNGFlags.Flage7@e7edb54]" name="it1" class="testNGFlags.Flage7"/>
        <method signature="Flage7.it2()[pri:0, instance:testNGFlags.Flage7@e7edb54]" name="it2" class="testNGFlags.Flage7"/>
        <method signature="Flage7.it4()[pri:0, instance:testNGFlags.Flage7@e7edb54]" name="it4" class="testNGFlags.Flage7"/>
        <method signature="Flage7.it5()[pri:0, instance:testNGFlags.Flage7@e7edb54]" name="it5" class="testNGFlags.Flage7"/>
      </group> <!-- Integation Testing -->
      <group name="System Testing">
        <method signature="Flage7.St3()[pri:0, instance:testNGFlags.Flage7@e7edb54]" name="St3" class="testNGFlags.Flage7"/>
        <method signature="Flage7.St4()[pri:0, instance:testNGFlags.Flage7@e7edb54]" name="St4" class="testNGFlags.Flage7"/>
        <method signature="Flage7.st1()[pri:0, instance:testNGFlags.Flage7@e7edb54]" name="st1" class="testNGFlags.Flage7"/>
        <method signature="Flage7.st4()[pri:0, instance:testNGFlags.Flage7@e7edb54]" name="st4" class="testNGFlags.Flage7"/>
      </group> <!-- System Testing -->
      <group name="Functional Testing">
        <method signature="Flage7.ft1()[pri:0, instance:testNGFlags.Flage7@e7edb54]" name="ft1" class="testNGFlags.Flage7"/>
        <method signature="Flage7.ft2()[pri:0, instance:testNGFlags.Flage7@e7edb54]" name="ft2" class="testNGFlags.Flage7"/>
        <method signature="Flage7.ft3()[pri:0, instance:testNGFlags.Flage7@e7edb54]" name="ft3" class="testNGFlags.Flage7"/>
        <method signature="Flage7.ft4()[pri:0, instance:testNGFlags.Flage7@e7edb54]" name="ft4" class="testNGFlags.Flage7"/>
        <method signature="Flage7.ft5()[pri:0, instance:testNGFlags.Flage7@e7edb54]" name="ft5" class="testNGFlags.Flage7"/>
      </group> <!-- Functional Testing -->
      <group name="Integation  Testing">
        <method signature="Flage7.it3()[pri:0, instance:testNGFlags.Flage7@e7edb54]" name="it3" class="testNGFlags.Flage7"/>
      </group> <!-- Integation  Testing -->
    </groups>
    <test started-at="2023-05-27T10:04:27 IST" name="Default test" finished-at="2023-05-27T10:04:27 IST" duration-ms="461">
      <class name="testNGFlags.Flage7">
        <test-method signature="St3()[pri:0, instance:testNGFlags.Flage7@e7edb54]" started-at="2023-05-27T10:04:27 IST" name="St3" finished-at="2023-05-27T10:04:27 IST" duration-ms="36" status="PASS">
          <reporter-output>
            <line>
              <![CDATA[STC3]]>
            </line>
          </reporter-output>
        </test-method> <!-- St3 -->
        <test-method signature="St4()[pri:0, instance:testNGFlags.Flage7@e7edb54]" started-at="2023-05-27T10:04:27 IST" name="St4" finished-at="2023-05-27T10:04:27 IST" duration-ms="14" status="PASS">
          <reporter-output>
            <line>
              <![CDATA[STC4]]>
            </line>
          </reporter-output>
        </test-method> <!-- St4 -->
        <test-method signature="ft1()[pri:0, instance:testNGFlags.Flage7@e7edb54]" started-at="2023-05-27T10:04:27 IST" name="ft1" finished-at="2023-05-27T10:04:27 IST" duration-ms="22" status="PASS">
          <reporter-output>
            <line>
              <![CDATA[FTC1]]>
            </line>
          </reporter-output>
        </test-method> <!-- ft1 -->
        <test-method signature="ft2()[pri:0, instance:testNGFlags.Flage7@e7edb54]" started-at="2023-05-27T10:04:27 IST" name="ft2" finished-at="2023-05-27T10:04:27 IST" duration-ms="23" status="PASS">
          <reporter-output>
            <line>
              <![CDATA[FTC2]]>
            </line>
          </reporter-output>
        </test-method> <!-- ft2 -->
        <test-method signature="ft3()[pri:0, instance:testNGFlags.Flage7@e7edb54]" started-at="2023-05-27T10:04:27 IST" name="ft3" finished-at="2023-05-27T10:04:27 IST" duration-ms="16" status="PASS">
          <reporter-output>
            <line>
              <![CDATA[FTC3]]>
            </line>
          </reporter-output>
        </test-method> <!-- ft3 -->
        <test-method signature="ft4()[pri:0, instance:testNGFlags.Flage7@e7edb54]" started-at="2023-05-27T10:04:27 IST" name="ft4" finished-at="2023-05-27T10:04:27 IST" duration-ms="7" status="PASS">
          <reporter-output>
            <line>
              <![CDATA[FTC4]]>
            </line>
          </reporter-output>
        </test-method> <!-- ft4 -->
        <test-method signature="ft5()[pri:0, instance:testNGFlags.Flage7@e7edb54]" started-at="2023-05-27T10:04:27 IST" name="ft5" finished-at="2023-05-27T10:04:27 IST" duration-ms="4" status="PASS">
          <reporter-output>
            <line>
              <![CDATA[FTC5]]>
            </line>
          </reporter-output>
        </test-method> <!-- ft5 -->
        <test-method signature="it1()[pri:0, instance:testNGFlags.Flage7@e7edb54]" started-at="2023-05-27T10:04:27 IST" name="it1" finished-at="2023-05-27T10:04:27 IST" duration-ms="13" status="PASS">
          <reporter-output>
            <line>
              <![CDATA[ITC1]]>
            </line>
          </reporter-output>
        </test-method> <!-- it1 -->
        <test-method signature="it2()[pri:0, instance:testNGFlags.Flage7@e7edb54]" started-at="2023-05-27T10:04:27 IST" name="it2" finished-at="2023-05-27T10:04:27 IST" duration-ms="4" status="PASS">
          <reporter-output>
            <line>
              <![CDATA[ITC2]]>
            </line>
          </reporter-output>
        </test-method> <!-- it2 -->
        <test-method signature="it3()[pri:0, instance:testNGFlags.Flage7@e7edb54]" started-at="2023-05-27T10:04:27 IST" name="it3" finished-at="2023-05-27T10:04:27 IST" duration-ms="9" status="PASS">
          <reporter-output>
            <line>
              <![CDATA[IMTC3]]>
            </line>
          </reporter-output>
        </test-method> <!-- it3 -->
        <test-method signature="it4()[pri:0, instance:testNGFlags.Flage7@e7edb54]" started-at="2023-05-27T10:04:27 IST" name="it4" finished-at="2023-05-27T10:04:27 IST" duration-ms="3" status="PASS">
          <reporter-output>
            <line>
              <![CDATA[ITC4]]>
            </line>
          </reporter-output>
        </test-method> <!-- it4 -->
        <test-method signature="it5()[pri:0, instance:testNGFlags.Flage7@e7edb54]" started-at="2023-05-27T10:04:27 IST" name="it5" finished-at="2023-05-27T10:04:27 IST" duration-ms="3" status="PASS">
          <reporter-output>
            <line>
              <![CDATA[ITC5]]>
            </line>
          </reporter-output>
        </test-method> <!-- it5 -->
        <test-method signature="s2()[pri:0, instance:testNGFlags.Flage7@e7edb54]" started-at="2023-05-27T10:04:27 IST" name="s2" finished-at="2023-05-27T10:04:27 IST" duration-ms="7" status="PASS">
          <reporter-output>
            <line>
              <![CDATA[SMTC2]]>
            </line>
          </reporter-output>
        </test-method> <!-- s2 -->
        <test-method signature="st1()[pri:0, instance:testNGFlags.Flage7@e7edb54]" started-at="2023-05-27T10:04:27 IST" name="st1" finished-at="2023-05-27T10:04:27 IST" duration-ms="7" status="PASS">
          <reporter-output>
            <line>
              <![CDATA[STC1]]>
            </line>
          </reporter-output>
        </test-method> <!-- st1 -->
        <test-method signature="st4()[pri:0, instance:testNGFlags.Flage7@e7edb54]" started-at="2023-05-27T10:04:27 IST" name="st4" finished-at="2023-05-27T10:04:27 IST" duration-ms="4" status="PASS">
          <reporter-output>
            <line>
              <![CDATA[STC3]]>
            </line>
          </reporter-output>
        </test-method> <!-- st4 -->
      </class> <!-- testNGFlags.Flage7 -->
    </test> <!-- Default test -->
  </suite> <!-- Default suite -->
</testng-results>
