<?xml version="1.0" encoding="UTF-8"?>
<!-- Generated by org.testng.reporters.JUnitXMLReporter -->
<testsuite ignored="0" hostname="Shree-PC" failures="0" tests="15" name="Default test" time="0.461" errors="0" timestamp="2023-05-27T10:04:27 IST">
  <testcase classname="testNGFlags.Flage7" name="St3" time="0.036"/>
  <testcase classname="testNGFlags.Flage7" name="St4" time="0.014"/>
  <testcase classname="testNGFlags.Flage7" name="ft1" time="0.022"/>
  <testcase classname="testNGFlags.Flage7" name="ft2" time="0.023"/>
  <testcase classname="testNGFlags.Flage7" name="ft3" time="0.016"/>
  <testcase classname="testNGFlags.Flage7" name="ft4" time="0.007"/>
  <testcase classname="testNGFlags.Flage7" name="ft5" time="0.004"/>
  <testcase classname="testNGFlags.Flage7" name="it1" time="0.013"/>
  <testcase classname="testNGFlags.Flage7" name="it2" time="0.004"/>
  <testcase classname="testNGFlags.Flage7" name="it3" time="0.009"/>
  <testcase classname="testNGFlags.Flage7" name="it4" time="0.003"/>
  <testcase classname="testNGFlags.Flage7" name="it5" time="0.003"/>
  <testcase classname="testNGFlags.Flage7" name="s2" time="0.007"/>
  <testcase classname="testNGFlags.Flage7" name="st1" time="0.007"/>
  <testcase classname="testNGFlags.Flage7" name="st4" time="0.004"/>
</testsuite> <!-- Default test -->
